[2025-12-02T18:54:13.198+0000] {local_task_job_runner.py:120} INFO - ::group::Pre task execution logs
[2025-12-02T18:54:13.228+0000] {taskinstance.py:2076} INFO - Dependencies all met for dep_context=non-requeueable deps ti=<TaskInstance: pipeline.run_dbt.crm_sales_details_run manual__2025-12-02T18:54:10.829893+00:00 [queued]>
[2025-12-02T18:54:13.242+0000] {taskinstance.py:2076} INFO - Dependencies all met for dep_context=requeueable deps ti=<TaskInstance: pipeline.run_dbt.crm_sales_details_run manual__2025-12-02T18:54:10.829893+00:00 [queued]>
[2025-12-02T18:54:13.243+0000] {taskinstance.py:2306} INFO - Starting attempt 1 of 3
[2025-12-02T18:54:13.272+0000] {taskinstance.py:2330} INFO - Executing <Task(DbtRunLocalOperator): run_dbt.crm_sales_details_run> on 2025-12-02 18:54:10.829893+00:00
[2025-12-02T18:54:13.285+0000] {standard_task_runner.py:63} INFO - Started process 229 to run task
[2025-12-02T18:54:13.296+0000] {standard_task_runner.py:90} INFO - Running: ['airflow', 'tasks', 'run', 'pipeline', 'run_dbt.crm_sales_details_run', 'manual__2025-12-02T18:54:10.829893+00:00', '--job-id', '27', '--raw', '--subdir', 'DAGS_FOLDER/pipeline.py', '--cfg-path', '/tmp/tmpwdjaunv4']
[2025-12-02T18:54:13.298+0000] {standard_task_runner.py:91} INFO - Job 27: Subtask run_dbt.crm_sales_details_run
[2025-12-02T18:54:13.437+0000] {task_command.py:426} INFO - Running <TaskInstance: pipeline.run_dbt.crm_sales_details_run manual__2025-12-02T18:54:10.829893+00:00 [running]> on host c19d44d833c3
[2025-12-02T18:54:13.677+0000] {taskinstance.py:2648} INFO - Exporting env vars: AIRFLOW_CTX_DAG_OWNER='airflow' AIRFLOW_CTX_DAG_ID='pipeline' AIRFLOW_CTX_TASK_ID='run_dbt.crm_sales_details_run' AIRFLOW_CTX_EXECUTION_DATE='2025-12-02T18:54:10.829893+00:00' AIRFLOW_CTX_TRY_NUMBER='1' AIRFLOW_CTX_DAG_RUN_ID='manual__2025-12-02T18:54:10.829893+00:00'
[2025-12-02T18:54:13.683+0000] {taskinstance.py:430} INFO - ::endgroup::
[2025-12-02T18:54:13.697+0000] {local.py:247} INFO - Could not import dbtRunner. Falling back to subprocess for invoking dbt.
[2025-12-02T18:54:13.700+0000] {local.py:464} INFO - Cloning project to writable temp directory /tmp/tmph9r9pf9y from /usr/local/airflow/dbt/dbt_project
[2025-12-02T18:54:13.706+0000] {local.py:484} INFO - Partial parse is enabled and the latest partial parse file is None
[2025-12-02T18:54:13.707+0000] {config.py:364} INFO - Profile caching is enable.
[2025-12-02T18:54:13.724+0000] {taskinstance.py:441} INFO - ::group::Post task execution logs
[2025-12-02T18:54:13.742+0000] {taskinstance.py:2905} ERROR - Task failed with exception
Traceback (most recent call last):
  File "/usr/local/lib/python3.11/site-packages/airflow/models/taskinstance.py", line 465, in _execute_task
    result = _execute_callable(context=context, **execute_callable_kwargs)
             ^^^^^^^^^^^^^^^^^^^^^^^^^^^^^^^^^^^^^^^^^^^^^^^^^^^^^^^^^^^^^
  File "/usr/local/lib/python3.11/site-packages/airflow/models/taskinstance.py", line 432, in _execute_callable
    return execute_callable(context=context, **execute_callable_kwargs)
           ^^^^^^^^^^^^^^^^^^^^^^^^^^^^^^^^^^^^^^^^^^^^^^^^^^^^^^^^^^^^
  File "/usr/local/lib/python3.11/site-packages/cosmos/operators/base.py", line 310, in execute
    self.build_and_run_cmd(context=context, cmd_flags=self.add_cmd_flags())
  File "/usr/local/lib/python3.11/site-packages/cosmos/operators/local.py", line 842, in build_and_run_cmd
    result = self.run_command(
             ^^^^^^^^^^^^^^^^^
  File "/usr/local/lib/python3.11/site-packages/cosmos/operators/local.py", line 606, in run_command
    with self.profile_config.ensure_profile() as profile_values:
  File "/usr/local/lib/python3.11/contextlib.py", line 137, in __enter__
    return next(self.gen)
           ^^^^^^^^^^^^^^
  File "/usr/local/lib/python3.11/site-packages/cosmos/config.py", line 365, in ensure_profile
    cached_profile_path = self._get_profile_path(use_mock_values)
                          ^^^^^^^^^^^^^^^^^^^^^^^^^^^^^^^^^^^^^^^
  File "/usr/local/lib/python3.11/site-packages/cosmos/config.py", line 341, in _get_profile_path
    current_profile_version = self.profile_mapping.version(self.profile_name, self.target_name, use_mock_values)
                              ^^^^^^^^^^^^^^^^^^^^^^^^^^^^^^^^^^^^^^^^^^^^^^^^^^^^^^^^^^^^^^^^^^^^^^^^^^^^^^^^^^
  File "/usr/local/lib/python3.11/site-packages/cosmos/profiles/base.py", line 98, in version
    profile = self.profile
              ^^^^^^^^^^^^
  File "/usr/local/lib/python3.11/site-packages/cosmos/profiles/snowflake/user_pass.py", line 79, in profile
    profile_vars = super().profile
                   ^^^^^^^^^^^^^^^
  File "/usr/local/lib/python3.11/site-packages/cosmos/profiles/snowflake/base.py", line 16, in profile
    **self.mapped_params,
      ^^^^^^^^^^^^^^^^^^
  File "/usr/local/lib/python3.11/site-packages/cosmos/profiles/base.py", line 318, in mapped_params
    mapped_params[dbt_field] = self.get_dbt_value(dbt_field)
                               ^^^^^^^^^^^^^^^^^^^^^^^^^^^^^
  File "/usr/local/lib/python3.11/site-packages/cosmos/profiles/base.py", line 295, in get_dbt_value
    value = self._get_airflow_conn_field(airflow_field)
            ^^^^^^^^^^^^^^^^^^^^^^^^^^^^^^^^^^^^^^^^^^^
  File "/usr/local/lib/python3.11/site-packages/cosmos/profiles/base.py", line 268, in _get_airflow_conn_field
    value = self.conn.extra_dejson.get(airflow_field)
            ^^^^^^^^^
  File "/usr/local/lib/python3.11/site-packages/cosmos/profiles/snowflake/user_pass.py", line 65, in conn
    conn = super().conn
           ^^^^^^^^^^^^
  File "/usr/local/lib/python3.11/site-packages/cosmos/profiles/base.py", line 146, in conn
    conn = BaseHook.get_connection(self.conn_id)
           ^^^^^^^^^^^^^^^^^^^^^^^^^^^^^^^^^^^^^
  File "/usr/local/lib/python3.11/site-packages/airflow/hooks/base.py", line 83, in get_connection
    conn = Connection.get_connection_from_secrets(conn_id)
           ^^^^^^^^^^^^^^^^^^^^^^^^^^^^^^^^^^^^^^^^^^^^^^^
  File "/usr/local/lib/python3.11/site-packages/airflow/models/connection.py", line 519, in get_connection_from_secrets
    raise AirflowNotFoundException(f"The conn_id `{conn_id}` isn't defined")
airflow.exceptions.AirflowNotFoundException: The conn_id `snowflake_default` isn't defined
[2025-12-02T18:54:13.750+0000] {taskinstance.py:1206} INFO - Marking task as UP_FOR_RETRY. dag_id=pipeline, task_id=run_dbt.crm_sales_details_run, run_id=manual__2025-12-02T18:54:10.829893+00:00, execution_date=20251202T185410, start_date=20251202T185413, end_date=20251202T185413
[2025-12-02T18:54:13.767+0000] {standard_task_runner.py:110} ERROR - Failed to execute job 27 for task run_dbt.crm_sales_details_run (The conn_id `snowflake_default` isn't defined; 229)
[2025-12-02T18:54:13.800+0000] {local_task_job_runner.py:240} INFO - Task exited with return code 1
[2025-12-02T18:54:13.818+0000] {local_task_job_runner.py:222} INFO - ::endgroup::
