[2025-12-01T19:04:47.224+0000] {local_task_job_runner.py:120} INFO - ::group::Pre task execution logs
[2025-12-01T19:04:47.248+0000] {taskinstance.py:2076} INFO - Dependencies all met for dep_context=non-requeueable deps ti=<TaskInstance: pipeline.load_bronze_task manual__2025-12-01T19:04:43.658898+00:00 [queued]>
[2025-12-01T19:04:47.257+0000] {taskinstance.py:2076} INFO - Dependencies all met for dep_context=requeueable deps ti=<TaskInstance: pipeline.load_bronze_task manual__2025-12-01T19:04:43.658898+00:00 [queued]>
[2025-12-01T19:04:47.260+0000] {taskinstance.py:2306} INFO - Starting attempt 1 of 1
[2025-12-01T19:04:47.282+0000] {taskinstance.py:2330} INFO - Executing <Task(PythonOperator): load_bronze_task> on 2025-12-01 19:04:43.658898+00:00
[2025-12-01T19:04:47.295+0000] {standard_task_runner.py:63} INFO - Started process 182 to run task
[2025-12-01T19:04:47.305+0000] {standard_task_runner.py:90} INFO - Running: ['airflow', 'tasks', 'run', 'pipeline', 'load_bronze_task', 'manual__2025-12-01T19:04:43.658898+00:00', '--job-id', '13', '--raw', '--subdir', 'DAGS_FOLDER/pipeline.py', '--cfg-path', '/tmp/tmp88y6wlh2']
[2025-12-01T19:04:47.307+0000] {standard_task_runner.py:91} INFO - Job 13: Subtask load_bronze_task
[2025-12-01T19:04:47.497+0000] {task_command.py:426} INFO - Running <TaskInstance: pipeline.load_bronze_task manual__2025-12-01T19:04:43.658898+00:00 [running]> on host 13a3eaf6bca5
[2025-12-01T19:04:47.698+0000] {taskinstance.py:2648} INFO - Exporting env vars: AIRFLOW_CTX_DAG_OWNER='airflow' AIRFLOW_CTX_DAG_ID='pipeline' AIRFLOW_CTX_TASK_ID='load_bronze_task' AIRFLOW_CTX_EXECUTION_DATE='2025-12-01T19:04:43.658898+00:00' AIRFLOW_CTX_TRY_NUMBER='1' AIRFLOW_CTX_DAG_RUN_ID='manual__2025-12-01T19:04:43.658898+00:00'
[2025-12-01T19:04:47.704+0000] {taskinstance.py:430} INFO - ::endgroup::
[2025-12-01T19:04:48.566+0000] {taskinstance.py:441} INFO - ::group::Post task execution logs
[2025-12-01T19:04:48.568+0000] {taskinstance.py:2905} ERROR - Task failed with exception
Traceback (most recent call last):
  File "/usr/local/lib/python3.11/site-packages/airflow/models/taskinstance.py", line 465, in _execute_task
    result = _execute_callable(context=context, **execute_callable_kwargs)
             ^^^^^^^^^^^^^^^^^^^^^^^^^^^^^^^^^^^^^^^^^^^^^^^^^^^^^^^^^^^^^
  File "/usr/local/lib/python3.11/site-packages/airflow/models/taskinstance.py", line 432, in _execute_callable
    return execute_callable(context=context, **execute_callable_kwargs)
           ^^^^^^^^^^^^^^^^^^^^^^^^^^^^^^^^^^^^^^^^^^^^^^^^^^^^^^^^^^^^
  File "/usr/local/lib/python3.11/site-packages/airflow/models/baseoperator.py", line 400, in wrapper
    return func(self, *args, **kwargs)
           ^^^^^^^^^^^^^^^^^^^^^^^^^^^
  File "/usr/local/lib/python3.11/site-packages/airflow/operators/python.py", line 235, in execute
    return_value = self.execute_callable()
                   ^^^^^^^^^^^^^^^^^^^^^^^
  File "/usr/local/lib/python3.11/site-packages/airflow/operators/python.py", line 252, in execute_callable
    return self.python_callable(*self.op_args, **self.op_kwargs)
           ^^^^^^^^^^^^^^^^^^^^^^^^^^^^^^^^^^^^^^^^^^^^^^^^^^^^^
  File "/usr/local/airflow/dags/pipeline.py", line 13, in run_preprocess
    subprocess.run(["python", PYTHON_FILE_PATH], check=True)
  File "/usr/local/lib/python3.11/subprocess.py", line 571, in run
    raise CalledProcessError(retcode, process.args,
subprocess.CalledProcessError: Command '['python', '/usr/local/airflow/bronze_scripts/load_bronze.py']' returned non-zero exit status 1.
[2025-12-01T19:04:48.596+0000] {taskinstance.py:1206} INFO - Marking task as FAILED. dag_id=pipeline, task_id=load_bronze_task, run_id=manual__2025-12-01T19:04:43.658898+00:00, execution_date=20251201T190443, start_date=20251201T190447, end_date=20251201T190448
[2025-12-01T19:04:48.619+0000] {standard_task_runner.py:110} ERROR - Failed to execute job 13 for task load_bronze_task (Command '['python', '/usr/local/airflow/bronze_scripts/load_bronze.py']' returned non-zero exit status 1.; 182)
[2025-12-01T19:04:48.646+0000] {local_task_job_runner.py:240} INFO - Task exited with return code 1
[2025-12-01T19:04:48.728+0000] {taskinstance.py:3498} INFO - 0 downstream tasks scheduled from follow-on schedule check
[2025-12-01T19:04:48.746+0000] {local_task_job_runner.py:222} INFO - ::endgroup::
